<?xml version="1.0" encoding="utf-8"?><testsuites name="pytest tests"><testsuite name="pytest" errors="0" failures="0" skipped="0" tests="5" time="5.332" timestamp="2026-08-24T06:10:23.876062+00:00" hostname="agent-env-7f7c70c2-bb29-4eb5-b5d0-2feacf15c72c"><testcase classname="tests.test_keymode_toggle.TestKeyModePersistence" name="test_default_is_own_and_toggle_persists" time="1.295" /><testcase classname="tests.test_keymode_toggle.TestErrorAttribution" name="test_bad_own_openai_key_blames_openai_not_universal" time="1.615" /><testcase classname="tests.test_keymode_toggle.TestKeyModePersistence" name="test_invalid_key_mode_coerced_to_own" time="0.822" /><testcase classname="tests.test_keymode_toggle.TestErrorAttribution" name="test_switching_to_builtin_reroutes_script_to_universal" time="3.419" /><testcase classname="tests.test_keymode_toggle.TestBuiltinIgnoresSavedKey" name="test_saved_key_reported_but_ignored_in_builtin" time="0.699" /></testsuite></testsuites>