<?xml version="1.0" encoding="utf-8"?><testsuites name="pytest tests"><testsuite name="pytest" errors="0" failures="0" skipped="0" tests="10" time="17.122" timestamp="2026-08-22T13:50:28.369214+00:00" hostname="agent-env-7f7c70c2-bb29-4eb5-b5d0-2feacf15c72c"><testcase classname="tests.test_reels_seventh_batch.TestSeriesCRUD" name="test_suggest_characters_mock" time="0.151" /><testcase classname="tests.test_reels_seventh_batch.TestSeriesCRUD" name="test_suggest_requires_premise" time="0.126" /><testcase classname="tests.test_reels_seventh_batch.TestSeriesCRUD" name="test_create_list_get_delete_series" time="0.602" /><testcase classname="tests.test_reels_seventh_batch.TestSeriesCRUD" name="test_create_series_episode_flow_and_continuity" time="14.666" /><testcase classname="tests.test_reels_seventh_batch.TestOutros" name="test_upload_list_outro" time="0.411" /><testcase classname="tests.test_reels_seventh_batch.TestOutros" name="test_upload_rejects_non_video" time="0.107" /><testcase classname="tests.test_reels_seventh_batch.TestOutros" name="test_upload_rejects_empty" time="0.112" /><testcase classname="tests.test_reels_seventh_batch.TestOutros" name="test_reel_with_outro_public_fields" time="0.120" /><testcase classname="tests.test_reels_seventh_batch.TestOutros" name="test_delete_outro" time="0.506" /><testcase classname="tests.test_reels_seventh_batch.TestReelPublicFields" name="test_new_fields_present_on_plain_reel" time="0.305" /></testsuite></testsuites>