<?xml version="1.0" encoding="utf-8"?><testsuites name="pytest tests"><testsuite name="pytest" errors="0" failures="0" skipped="0" tests="10" time="19.475" timestamp="2026-08-24T01:34:31.026337+00:00" hostname="agent-env-7f7c70c2-bb29-4eb5-b5d0-2feacf15c72c"><testcase classname="tests.test_review_edit_flows.TestBatchScripts" name="test_scripts_ok_multiple_topics" time="2.909" /><testcase classname="tests.test_review_edit_flows.TestBatchScripts" name="test_scripts_empty_topics_400" time="0.170" /><testcase classname="tests.test_review_edit_flows.TestBatchScripts" name="test_scripts_whitespace_only_topics_400" time="0.109" /><testcase classname="tests.test_review_edit_flows.TestBatchScripts" name="test_scripts_too_many_topics_400" time="0.226" /><testcase classname="tests.test_review_edit_flows.TestBatchScripts" name="test_scripts_requires_auth" time="0.121" /><testcase classname="tests.test_review_edit_flows.TestBatchPersistScripts" name="test_batch_persists_reviewed_script" time="4.314" /><testcase classname="tests.test_review_edit_flows.TestSeriesEpisodeScript" name="test_episode_script_draft_no_reel_created" time="2.313" /><testcase classname="tests.test_review_edit_flows.TestSeriesEpisodeScript" name="test_episode_script_404_wrong_series" time="0.244" /><testcase classname="tests.test_review_edit_flows.TestSeriesEpisodeScript" name="test_episode_script_requires_auth" time="0.231" /><testcase classname="tests.test_review_edit_flows.TestSeriesEpisodePersistScript" name="test_episode_create_persists_reviewed_script" time="8.795" /></testsuite></testsuites>