<?xml version="1.0" encoding="utf-8"?><testsuites name="pytest tests"><testsuite name="pytest" errors="0" failures="0" skipped="0" tests="3" time="9.057" timestamp="2026-08-22T06:42:11.831898+00:00" hostname="agent-env-7f7c70c2-bb29-4eb5-b5d0-2feacf15c72c"><testcase classname="tests.test_reels_fourth_batch" name="test_config_has_caption_fonts" time="0.306" /><testcase classname="tests.test_reels_fourth_batch" name="test_invalid_caption_font_400" time="0.138" /><testcase classname="tests.test_reels_fourth_batch" name="test_reel_caption_font_and_endcard" time="8.269" /></testsuite></testsuites>