<?xml version="1.0" encoding="utf-8"?><testsuites name="pytest tests"><testsuite name="pytest" errors="0" failures="0" skipped="0" tests="4" time="11.672" timestamp="2026-08-22T01:41:52.153318+00:00" hostname="agent-env-7f7c70c2-bb29-4eb5-b5d0-2feacf15c72c"><testcase classname="tests.test_reels_third_batch" name="test_config_has_voice_speeds" time="0.372" /><testcase classname="tests.test_reels_third_batch" name="test_invalid_voice_speed_400" time="0.163" /><testcase classname="tests.test_reels_third_batch" name="test_music_volume_clamped_on_create" time="2.378" /><testcase classname="tests.test_reels_third_batch" name="test_reel_voice_speed_music_volume_hook" time="8.432" /></testsuite></testsuites>