<?xml version="1.0" encoding="utf-8"?><testsuites name="pytest tests"><testsuite name="pytest" errors="0" failures="0" skipped="0" tests="10" time="11.273" timestamp="2026-08-22T16:07:39.874400+00:00" hostname="agent-env-7f7c70c2-bb29-4eb5-b5d0-2feacf15c72c"><testcase classname="tests.test_auth_quota_byok.TestAuth" name="test_register_login_me" time="1.277" /><testcase classname="tests.test_auth_quota_byok.TestQuota" name="test_lifetime_3_free_reels_then_402" time="4.158" /><testcase classname="tests.test_auth_quota_byok.TestAuth" name="test_wrong_password_401" time="1.258" /><testcase classname="tests.test_auth_quota_byok.TestAuth" name="test_duplicate_email_409" time="1.013" /><testcase classname="tests.test_auth_quota_byok.TestAuth" name="test_short_password_400" time="0.201" /><testcase classname="tests.test_auth_quota_byok.TestAuth" name="test_endpoints_require_auth" time="0.894" /><testcase classname="tests.test_auth_quota_byok.TestQuota" name="test_byok_bypasses_quota" time="4.420" /><testcase classname="tests.test_auth_quota_byok.TestIsolation" name="test_reels_and_series_scoped_to_owner" time="3.499" /><testcase classname="tests.test_auth_quota_byok.TestBYOK" name="test_settings_returns_masked_never_raw" time="1.193" /><testcase classname="tests.test_auth_quota_byok.TestBYOK" name="test_test_endpoint_rejects_fake_key" time="1.179" /></testsuite></testsuites>