<?xml version="1.0" encoding="utf-8"?><testsuites name="pytest tests"><testsuite name="pytest" errors="0" failures="0" skipped="0" tests="8" time="10.722" timestamp="2026-08-22T01:30:33.264613+00:00" hostname="agent-env-7f7c70c2-bb29-4eb5-b5d0-2feacf15c72c"><testcase classname="tests.test_reels_extras" name="test_config_has_new_catalogs" time="0.262" /><testcase classname="tests.test_reels_extras" name="test_voice_preview_valid[onyx]" time="1.266" /><testcase classname="tests.test_reels_extras" name="test_voice_preview_valid[nova]" time="0.186" /><testcase classname="tests.test_reels_extras" name="test_voice_preview_invalid_404" time="0.143" /><testcase classname="tests.test_reels_extras" name="test_invalid_caption_position_400" time="0.104" /><testcase classname="tests.test_reels_extras" name="test_invalid_caption_size_400" time="0.102" /><testcase classname="tests.test_reels_extras" name="test_invalid_music_id_400" time="0.114" /><testcase classname="tests.test_reels_extras" name="test_reel_with_all_new_fields" time="8.210" /></testsuite></testsuites>