<?xml version="1.0" encoding="utf-8"?><testsuites name="pytest tests"><testsuite name="pytest" errors="0" failures="1" skipped="0" tests="9" time="13.761" timestamp="2026-08-22T13:00:30.112424+00:00" hostname="agent-env-7f7c70c2-bb29-4eb5-b5d0-2feacf15c72c"><testcase classname="tests.test_reels_fifth_batch" name="test_create_reel_ai_visual_mode_echoes_and_queued" time="4.082" /><testcase classname="tests.test_reels_fifth_batch" name="test_create_reel_default_visual_mode_is_gradient" time="2.564" /><testcase classname="tests.test_reels_fifth_batch" name="test_ai_reel_failure_root_cause_is_budget" time="5.650" /><testcase classname="tests.test_reels_fifth_batch" name="test_config_has_all_catalogs_and_music_seven" time="0.162" /><testcase classname="tests.test_reels_fifth_batch" name="test_invalid_caption_font_400" time="0.108" /><testcase classname="tests.test_reels_fifth_batch" name="test_invalid_music_id_400" time="0.158" /><testcase classname="tests.test_reels_fifth_batch" name="test_custom_bg_bad_hex_400" time="0.187" /><testcase classname="tests.test_reels_fifth_batch" name="test_view_and_download_increment" time="0.243"><failure message="TypeError: unsupported operand type(s) for +: 'NoneType' and 'int'">tests/test_reels_fifth_batch.py:145: in test_view_and_download_increment
    assert v.json()["views"] == prev_v + 1
                                ^^^^^^^^^^
E   TypeError: unsupported operand type(s) for +: 'NoneType' and 'int'</failure></testcase><testcase classname="tests.test_reels_fifth_batch" name="test_view_download_404_on_unknown" time="0.254" /></testsuite></testsuites>