<?xml version="1.0" encoding="utf-8"?><testsuites name="pytest tests"><testsuite name="pytest" errors="0" failures="0" skipped="0" tests="9" time="19.855" timestamp="2026-08-22T13:15:39.870115+00:00" hostname="agent-env-7f7c70c2-bb29-4eb5-b5d0-2feacf15c72c"><testcase classname="tests.test_reels_sixth_batch.TestNoServerErrors" name="test_config_no_500" time="0.265" /><testcase classname="tests.test_reels_sixth_batch.TestReelImageStyleEcho" name="test_create_reel_ai_anime_echoes" time="3.822" /><testcase classname="tests.test_reels_sixth_batch.TestNoServerErrors" name="test_reels_list_no_500" time="3.580" /><testcase classname="tests.test_reels_sixth_batch.TestReelImageStyleEcho" name="test_create_reel_image_style_defaults_cinematic" time="0.117" /><testcase classname="tests.test_reels_sixth_batch.TestNoServerErrors" name="test_reels_post_no_500" time="2.286" /><testcase classname="tests.test_reels_sixth_batch.TestReelImageStyleEcho" name="test_create_reel_all_styles_accepted" time="10.723" /><testcase classname="tests.test_reels_sixth_batch.TestConfigImageStyles" name="test_config_returns_image_styles" time="2.625" /><testcase classname="tests.test_reels_sixth_batch.TestCreditBannerBackend" name="test_list_reels_exposes_status_and_error" time="5.865" /><testcase classname="tests.test_reels_sixth_batch.TestReelImageStyleEcho" name="test_create_reel_unknown_image_style_falls_back_to_cinematic" time="4.867" /></testsuite></testsuites>