<?xml version="1.0" encoding="utf-8"?><testsuites name="pytest tests"><testsuite name="pytest" errors="0" failures="0" skipped="0" tests="14" time="31.128" timestamp="2026-08-22T01:10:28.333823+00:00" hostname="agent-env-7f7c70c2-bb29-4eb5-b5d0-2feacf15c72c"><testcase classname="tests.test_reels_api" name="test_config" time="0.281" /><testcase classname="tests.test_reels_api" name="test_script_generation" time="2.093" /><testcase classname="tests.test_reels_api" name="test_script_empty_topic" time="0.137" /><testcase classname="tests.test_reels_api" name="test_create_reel_empty_script_400" time="0.202" /><testcase classname="tests.test_reels_api" name="test_create_reel_invalid_voice_400" time="0.161" /><testcase classname="tests.test_reels_api" name="test_create_reel_invalid_caption_400" time="0.117" /><testcase classname="tests.test_reels_api" name="test_create_reel_invalid_bg_400" time="0.114" /><testcase classname="tests.test_reels_api" name="test_list_reels_sorted" time="0.105" /><testcase classname="tests.test_reels_api" name="test_get_reel_404" time="0.125" /><testcase classname="tests.test_reels_api" name="test_delete_reel_404" time="0.103" /><testcase classname="tests.test_reels_api" name="test_reel_script_mode_pipeline" time="9.134" /><testcase classname="tests.test_reels_api" name="test_video_and_thumb_endpoints" time="0.290" /><testcase classname="tests.test_reels_api" name="test_delete_reel_and_verify_gone" time="0.168" /><testcase classname="tests.test_reels_api" name="test_reel_topic_mode_pipeline" time="17.757" /></testsuite></testsuites>